2023-03-31T00:01:41.810+03:00  INFO 12584 --- [SpringApplicationShutdownHook] j.LocalContainerEntityManagerFactoryBean : Closing JPA EntityManagerFactory for persistence unit 'default'
2023-03-31T00:01:41.816+03:00  INFO 12584 --- [SpringApplicationShutdownHook] com.zaxxer.hikari.HikariDataSource       : HikariPool-1 - Shutdown initiated...
2023-03-31T00:01:41.817+03:00  INFO 12584 --- [SpringApplicationShutdownHook] com.zaxxer.hikari.HikariDataSource       : HikariPool-1 - Shutdown completed.
2023-03-31T00:02:06.094+03:00  INFO 8612 --- [restartedMain] rserenity.enoca.EnocaApplication         : Starting EnocaApplication using Java 17.0.1 with PID 8612 (C:\Users\melih\Desktop\Enoca\enoca\target\classes started by melih in C:\Users\melih\Desktop\Enoca\enoca)
2023-03-31T00:02:06.096+03:00  INFO 8612 --- [restartedMain] rserenity.enoca.EnocaApplication         : No active profile set, falling back to 1 default profile: "default"
2023-03-31T00:02:06.129+03:00  INFO 8612 --- [restartedMain] .e.DevToolsPropertyDefaultsPostProcessor : Devtools property defaults active! Set 'spring.devtools.add-properties' to 'false' to disable
2023-03-31T00:02:06.129+03:00  INFO 8612 --- [restartedMain] .e.DevToolsPropertyDefaultsPostProcessor : For additional web related logging consider setting the 'logging.level.web' property to 'DEBUG'
2023-03-31T00:02:06.539+03:00  INFO 8612 --- [restartedMain] .s.d.r.c.RepositoryConfigurationDelegate : Bootstrapping Spring Data JPA repositories in DEFAULT mode.
2023-03-31T00:02:06.593+03:00  INFO 8612 --- [restartedMain] .s.d.r.c.RepositoryConfigurationDelegate : Finished Spring Data repository scanning in 48 ms. Found 2 JPA repository interfaces.
2023-03-31T00:02:07.013+03:00  INFO 8612 --- [restartedMain] o.s.b.w.embedded.tomcat.TomcatWebServer  : Tomcat initialized with port(s): 8080 (http)
2023-03-31T00:02:07.022+03:00  INFO 8612 --- [restartedMain] o.apache.catalina.core.StandardService   : Starting service [Tomcat]
2023-03-31T00:02:07.022+03:00  INFO 8612 --- [restartedMain] o.apache.catalina.core.StandardEngine    : Starting Servlet engine: [Apache Tomcat/10.1.7]
2023-03-31T00:02:07.065+03:00  INFO 8612 --- [restartedMain] o.a.c.c.C.[Tomcat].[localhost].[/]       : Initializing Spring embedded WebApplicationContext
2023-03-31T00:02:07.065+03:00  INFO 8612 --- [restartedMain] w.s.c.ServletWebServerApplicationContext : Root WebApplicationContext: initialization completed in 935 ms
2023-03-31T00:02:07.084+03:00  INFO 8612 --- [restartedMain] com.zaxxer.hikari.HikariDataSource       : HikariPool-1 - Starting...
2023-03-31T00:02:07.277+03:00  INFO 8612 --- [restartedMain] com.zaxxer.hikari.pool.HikariPool        : HikariPool-1 - Added connection conn0: url=jdbc:h2:file:./memory_persist/denemedb user=ROOT
2023-03-31T00:02:07.280+03:00  INFO 8612 --- [restartedMain] com.zaxxer.hikari.HikariDataSource       : HikariPool-1 - Start completed.
2023-03-31T00:02:07.290+03:00  INFO 8612 --- [restartedMain] o.s.b.a.h2.H2ConsoleAutoConfiguration    : H2 console available at '/h2-console'. Database available at 'jdbc:h2:file:./memory_persist/denemedb'
2023-03-31T00:02:07.369+03:00  INFO 8612 --- [restartedMain] o.hibernate.jpa.internal.util.LogHelper  : HHH000204: Processing PersistenceUnitInfo [name: default]
2023-03-31T00:02:07.418+03:00  INFO 8612 --- [restartedMain] org.hibernate.Version                    : HHH000412: Hibernate ORM core version 6.1.7.Final
2023-03-31T00:02:07.655+03:00  INFO 8612 --- [restartedMain] SQL dialect                              : HHH000400: Using dialect: org.hibernate.dialect.H2Dialect
2023-03-31T00:02:08.496+03:00  INFO 8612 --- [restartedMain] o.h.e.t.j.p.i.JtaPlatformInitiator       : HHH000490: Using JtaPlatform implementation: [org.hibernate.engine.transaction.jta.platform.internal.NoJtaPlatform]
2023-03-31T00:02:08.504+03:00  INFO 8612 --- [restartedMain] j.LocalContainerEntityManagerFactoryBean : Initialized JPA EntityManagerFactory for persistence unit 'default'
2023-03-31T00:02:08.781+03:00  WARN 8612 --- [restartedMain] JpaBaseConfiguration$JpaWebConfiguration : spring.jpa.open-in-view is enabled by default. Therefore, database queries may be performed during view rendering. Explicitly configure spring.jpa.open-in-view to disable this warning
2023-03-31T00:02:09.024+03:00  INFO 8612 --- [restartedMain] o.s.b.d.a.OptionalLiveReloadServer       : LiveReload server is running on port 35729
2023-03-31T00:02:09.051+03:00  INFO 8612 --- [restartedMain] o.s.b.w.embedded.tomcat.TomcatWebServer  : Tomcat started on port(s): 8080 (http) with context path ''
2023-03-31T00:02:09.059+03:00  INFO 8612 --- [restartedMain] rserenity.enoca.EnocaApplication         : Started EnocaApplication in 3.288 seconds (process running for 3.738)
2023-03-31T00:11:25.213+03:00  INFO 8612 --- [SpringApplicationShutdownHook] j.LocalContainerEntityManagerFactoryBean : Closing JPA EntityManagerFactory for persistence unit 'default'
2023-03-31T00:11:25.215+03:00  INFO 8612 --- [SpringApplicationShutdownHook] com.zaxxer.hikari.HikariDataSource       : HikariPool-1 - Shutdown initiated...
2023-03-31T00:11:25.216+03:00  INFO 8612 --- [SpringApplicationShutdownHook] com.zaxxer.hikari.HikariDataSource       : HikariPool-1 - Shutdown completed.
